#
# A fatal error has been detected by the Java Runtime Environment:
#
#  EXCEPTION_ACCESS_VIOLATION (0xc0000005) at pc=0x0000000072718337, pid=8304, tid=0x0000000000001f48
#
# JRE version: Java(TM) SE Runtime Environment (8.0_211-b12) (build 1.8.0_211-b12)
# Java VM: Java HotSpot(TM) 64-Bit Server VM (25.211-b12 mixed mode windows-amd64 compressed oops)
# Problematic frame:
# V  [jvm.dll+0x68337]
#
# Failed to write core dump. Minidumps are not enabled by default on client versions of Windows
#
# If you would like to submit a bug report, please visit:
#   http://bugreport.java.com/bugreport/crash.jsp
#

---------------  T H R E A D  ---------------

Current thread (0x00000000030a9800):  GCTaskThread [stack: 0x0000000012560000,0x0000000012660000] [id=8008]

siginfo: ExceptionCode=0xc0000005, reading address 0xffffffffffffffff

Registers:
RAX=0x00000000030a31d0, RBX=0x000000001265d630, RCX=0x0000000000000000, RDX=0x671f1800671e5600
RSP=0x000000001265b4a0, RBP=0x0000000000000003, RSI=0x00000000030a1760, RDI=0x000000001265b600
R8 =0x000000000000025c, R9 =0x00000000000012e0, R10=0x000000001b520a90, R11=0x000000001265b600
R12=0x000000001265d630, R13=0x0000000000000000, R14=0x000000001265f720, R15=0x000000001265f720
RIP=0x0000000072718337, EFLAGS=0x0000000000010206

Top of Stack: (sp=0x000000001265b4a0)
0x000000001265b4a0:   000000001265b600 00000000728ef9f7
0x000000001265b4b0:   000000001265b600 0000000000000001
0x000000001265b4c0:   000000001265d630 00000000727299e8
0x000000001265b4d0:   000000001265d630 000000001265b600
0x000000001265b4e0:   0000000000000003 0000000000000000
0x000000001265b4f0:   000000001265b600 0000000072a95fc5
0x000000001265b500:   000000001c32f658 00000000030a1760
0x000000001265b510:   000000001265b600 0000000000000003
0x000000001265b520:   4102fea5bae47a68 0000000000000009
0x000000001265b530:   00000000030a1760 0000000000000003
0x000000001265b540:   00000000030a1760 0000000072a96460
0x000000001265b550:   0000000000000000 000000001265b650
0x000000001265b560:   000000001c32f650 0000000000000003
0x000000001265b570:   0000000000000003 0000000000000000
0x000000001265b580:   4102fea5af95c77d 0000000000000002
0x000000001265b590:   00000000030a1760 0000000000000003 

Instructions: (pc=0x0000000072718337)
0x0000000072718317:   01 7e 5c 45 8b c8 0f 1f 00 49 8b 42 08 49 8b 14
0x0000000072718327:   01 48 85 d2 74 3d 0f 1f 00 48 8b 05 69 43 79 00
0x0000000072718337:   48 39 42 20 74 09 80 3d 7a 6d 74 00 00 75 1a 48
0x0000000072718347:   8b 4a 18 48 85 c9 74 11 90 48 8b 41 08 c6 40 18 


Register to memory mapping:

RAX=0x00000000030a31d0 is an unknown value
RBX=0x000000001265d630 is an unknown value
RCX=0x0000000000000000 is an unknown value
RDX=0x671f1800671e5600 is an unknown value
RSP=0x000000001265b4a0 is an unknown value
RBP=0x0000000000000003 is an unknown value
RSI=0x00000000030a1760 is an unknown value
RDI=0x000000001265b600 is an unknown value
R8 =0x000000000000025c is an unknown value
R9 =0x00000000000012e0 is an unknown value
R10=0x000000001b520a90 is an unknown value
R11=0x000000001265b600 is an unknown value
R12=0x000000001265d630 is an unknown value
R13=0x0000000000000000 is an unknown value
R14=0x000000001265f720 is an unknown value
R15=0x000000001265f720 is an unknown value


Stack: [0x0000000012560000,0x0000000012660000],  sp=0x000000001265b4a0,  free space=1005k
Native frames: (J=compiled Java code, j=interpreted, Vv=VM code, C=native code)
V  [jvm.dll+0x68337]
V  [jvm.dll+0x799e8]
V  [jvm.dll+0x3e5fc5]
V  [jvm.dll+0x3e6460]
V  [jvm.dll+0x3d7017]
V  [jvm.dll+0x282760]
V  [jvm.dll+0x29fc6a]
C  [MSVCR100.dll+0x21d9f]
C  [MSVCR100.dll+0x21e3b]
C  [KERNEL32.DLL+0x17bd4]
C  [ntdll.dll+0x6ce51]


---------------  P R O C E S S  ---------------

Java Threads: ( => current thread )
  0x0000000038856800 JavaThread "Worker-351" [_thread_blocked, id=9080, stack(0x000000003e610000,0x000000003e710000)]
  0x0000000038858000 JavaThread "Worker-350: Workbench Auto-Save Background Job" [_thread_blocked, id=11772, stack(0x0000000048a60000,0x0000000048b60000)]
  0x000000003885a000 JavaThread "Worker-349" [_thread_blocked, id=12888, stack(0x0000000048760000,0x0000000048860000)]
  0x000000003885d000 JavaThread "Worker-347" [_thread_blocked, id=14780, stack(0x0000000035290000,0x0000000035390000)]
  0x0000000038862800 JavaThread "Worker-336" [_thread_blocked, id=5352, stack(0x000000002e7b0000,0x000000002e8b0000)]
  0x000000001ddcc800 JavaThread "org.eclipse.tm4e.ui.internal.model.TMDocumentModel" daemon [_thread_blocked, id=19820, stack(0x00000000345e0000,0x00000000346e0000)]
  0x000000002aaa7000 JavaThread "org.eclipse.lsp4e.operations.folding.LSPFoldingReconciler" daemon [_thread_blocked, id=388, stack(0x000000003d570000,0x000000003d670000)]
  0x000000002aaaa800 JavaThread "org.eclipse.lsp4e.operations.highlight.HighlightReconciler" daemon [_thread_blocked, id=6296, stack(0x000000003c770000,0x000000003c870000)]
  0x000000002aa9f800 JavaThread "org.eclipse.jface.text.codemining.CodeMiningReconciler" daemon [_thread_blocked, id=18624, stack(0x0000000037eb0000,0x0000000037fb0000)]
  0x000000002aaa6000 JavaThread "org.eclipse.jface.text.codemining.CodeMiningReconciler" daemon [_thread_blocked, id=16732, stack(0x0000000037cb0000,0x0000000037db0000)]
  0x000000002832a800 JavaThread "org.eclipse.wst.sse.ui.internal.reconcile.StructuredRegionProcessor" daemon [_thread_blocked, id=18120, stack(0x000000002ded0000,0x000000002dfd0000)]
  0x000000002aaa0000 JavaThread "org.eclipse.jdt.internal.ui.text.JavaReconciler" daemon [_thread_blocked, id=13904, stack(0x000000003d960000,0x000000003da60000)]
  0x000000002b2b1800 JavaThread "org.eclipse.jdt.internal.ui.text.JavaReconciler" daemon [_thread_blocked, id=18004, stack(0x0000000035e80000,0x0000000035f80000)]
  0x00000000341ef000 JavaThread "org.eclipse.jdt.internal.ui.text.JavaReconciler" daemon [_thread_blocked, id=16920, stack(0x000000002c740000,0x000000002c840000)]
  0x000000002ad3b000 JavaThread "JavaScript indexing" daemon [_thread_blocked, id=16604, stack(0x000000003c670000,0x000000003c770000)]
  0x000000001ddc3800 JavaThread "Timer-3" [_thread_blocked, id=17108, stack(0x000000002e530000,0x000000002e630000)]
  0x000000002832f000 JavaThread "org.eclipse.jdt.internal.ui.text.JavaReconciler" daemon [_thread_blocked, id=6900, stack(0x00000000260f0000,0x00000000261f0000)]
  0x0000000028331800 JavaThread "Dali Event Handler" [_thread_blocked, id=9620, stack(0x00000000007d0000,0x00000000008d0000)]
  0x000000001ddc7800 JavaThread "Thread-12" [_thread_blocked, id=10500, stack(0x0000000032310000,0x0000000032410000)]
  0x000000001ddc6000 JavaThread "Provisioning Event Dispatcher" daemon [_thread_blocked, id=14528, stack(0x0000000032610000,0x0000000032710000)]
  0x000000002ad3d800 JavaThread "pool-3-thread-1" [_thread_blocked, id=2288, stack(0x0000000035d80000,0x0000000035e80000)]
  0x000000002ad33000 JavaThread "pool-2-thread-1" [_thread_blocked, id=16312, stack(0x00000000359f0000,0x0000000035af0000)]
  0x000000002ad38000 JavaThread "EventAdmin Async Event Dispatcher Thread" daemon [_thread_blocked, id=15784, stack(0x0000000034d30000,0x0000000034e30000)]
  0x000000002ad37800 JavaThread "Java indexing" daemon [_thread_blocked, id=8216, stack(0x00000000272b0000,0x00000000273b0000)]
  0x000000001e3f5800 JavaThread "Git Repository Closer" daemon [_thread_blocked, id=14912, stack(0x00000000243d0000,0x00000000244d0000)]
  0x000000001e3fa000 JavaThread "Bundle File Closer" daemon [_thread_blocked, id=1256, stack(0x0000000022920000,0x0000000022a20000)]
  0x000000001e3f7800 JavaThread "Gogo shell" [_thread_blocked, id=11988, stack(0x0000000020750000,0x0000000020850000)]
  0x000000001e3fb000 JavaThread "EMF Reference Cleaner" daemon [_thread_blocked, id=15692, stack(0x0000000020350000,0x0000000020450000)]
  0x000000001e3f4000 JavaThread "Worker-JM" [_thread_blocked, id=6200, stack(0x0000000020250000,0x0000000020350000)]
  0x000000001de10800 JavaThread "SCR Component Actor" daemon [_thread_blocked, id=4684, stack(0x000000001e920000,0x000000001ea20000)]
  0x000000001dd96000 JavaThread "Start Level: Equinox Container: ea7fb05a-91e0-40ff-9936-6b065a5900cc" daemon [_thread_blocked, id=12028, stack(0x000000001e820000,0x000000001e920000)]
  0x000000001e069000 JavaThread "Framework Event Dispatcher: Equinox Container: ea7fb05a-91e0-40ff-9936-6b065a5900cc" daemon [_thread_blocked, id=1328, stack(0x000000001e610000,0x000000001e710000)]
  0x000000001dea8800 JavaThread "Active Thread: Equinox Container: ea7fb05a-91e0-40ff-9936-6b065a5900cc" [_thread_blocked, id=1132, stack(0x000000001e720000,0x000000001e820000)]
  0x000000001c8ba800 JavaThread "Service Thread" daemon [_thread_blocked, id=852, stack(0x000000001d440000,0x000000001d540000)]
  0x000000001c847800 JavaThread "C1 CompilerThread2" daemon [_thread_blocked, id=10016, stack(0x000000001d340000,0x000000001d440000)]
  0x000000001c842800 JavaThread "C2 CompilerThread1" daemon [_thread_blocked, id=5920, stack(0x000000001d240000,0x000000001d340000)]
  0x000000001c841800 JavaThread "C2 CompilerThread0" daemon [_thread_blocked, id=14664, stack(0x000000001d140000,0x000000001d240000)]
  0x000000001c840800 JavaThread "Attach Listener" daemon [_thread_blocked, id=16332, stack(0x000000001d040000,0x000000001d140000)]
  0x000000001b706000 JavaThread "Signal Dispatcher" daemon [_thread_blocked, id=10788, stack(0x000000001c740000,0x000000001c840000)]
  0x000000001b6fd000 JavaThread "Surrogate Locker Thread (Concurrent GC)" daemon [_thread_blocked, id=5892, stack(0x000000001c640000,0x000000001c740000)]
  0x000000001b6e2800 JavaThread "Finalizer" daemon [_thread_blocked, id=15464, stack(0x000000001c430000,0x000000001c530000)]
  0x000000001b6dc000 JavaThread "Reference Handler" daemon [_thread_blocked, id=536, stack(0x000000001c330000,0x000000001c430000)]
  0x0000000003091000 JavaThread "main" [_thread_blocked, id=1688, stack(0x00000000000b0000,0x00000000001b0000)]

Other Threads:
  0x000000001b6b7000 VMThread [stack: 0x000000001c230000,0x000000001c330000] [id=8388]
  0x000000001c8dc800 WatcherThread [stack: 0x000000001d540000,0x000000001d640000] [id=3828]

=>0x00000000030a9800 (exited) GCTaskThread [stack: 0x0000000012560000,0x0000000012660000] [id=8008]

VM state:at safepoint (normal execution)

VM Mutex/Monitor currently owned by a thread:  ([mutex/lock_event])
[0x000000000319e830] Threads_lock - owner thread: 0x000000001b6b7000
[0x000000000319d530] Heap_lock - owner thread: 0x0000000038858000

heap address: 0x0000000080000000, size: 2048 MB, Compressed Oops mode: 32-bit
Narrow klass base: 0x0000000000000000, Narrow klass shift: 3
Compressed class space size: 1073741824 Address: 0x0000000100000000

Heap:
 garbage-first heap   total 264192K, used 165545K [0x0000000080000000, 0x0000000080100810, 0x0000000100000000)
  region size 1024K, 12 young (12288K), 1 survivors (1024K)
 Metaspace       used 182385K, capacity 202460K, committed 202856K, reserved 1224704K
  class space    used 22087K, capacity 27628K, committed 27752K, reserved 1048576K

Heap Regions: (Y=young(eden), SU=young(survivor), HS=humongous(starts), HC=humongous(continues), CS=collection set, F=free, TS=gc time stamp, PTAMS=previous top-at-mark-start, NTAMS=next top-at-mark-start)
AC   0  O    TS     0 PTAMS 0x0000000080100000 NTAMS 0x0000000080100000 space 1024K, 100% used [0x0000000080000000, 0x0000000080100000)
AC   0  O    TS     5 PTAMS 0x0000000080100000 NTAMS 0x0000000080100000 space 1024K, 100% used [0x0000000080100000, 0x0000000080200000)
AC   0  O    TS     0 PTAMS 0x0000000080300000 NTAMS 0x0000000080300000 space 1024K, 100% used [0x0000000080200000, 0x0000000080300000)
AC   0  O    TS     0 PTAMS 0x0000000080400000 NTAMS 0x0000000080400000 space 1024K, 100% used [0x0000000080300000, 0x0000000080400000)
AC   0  O    TS     0 PTAMS 0x0000000080500000 NTAMS 0x0000000080500000 space 1024K, 100% used [0x0000000080400000, 0x0000000080500000)
AC   0  O    TS     0 PTAMS 0x0000000080600000 NTAMS 0x0000000080600000 space 1024K, 100% used [0x0000000080500000, 0x0000000080600000)
AC   0  O    TS     0 PTAMS 0x0000000080700000 NTAMS 0x0000000080700000 space 1024K, 100% used [0x0000000080600000, 0x0000000080700000)
AC   0  O    TS     0 PTAMS 0x0000000080800000 NTAMS 0x0000000080800000 space 1024K, 100% used [0x0000000080700000, 0x0000000080800000)
AC   0  O    TS     0 PTAMS 0x0000000080900000 NTAMS 0x0000000080900000 space 1024K, 100% used [0x0000000080800000, 0x0000000080900000)
AC   0  O    TS     0 PTAMS 0x0000000080a00000 NTAMS 0x0000000080a00000 space 1024K, 100% used [0x0000000080900000, 0x0000000080a00000)
AC   0  O    TS     0 PTAMS 0x0000000080b00000 NTAMS 0x0000000080b00000 space 1024K, 100% used [0x0000000080a00000, 0x0000000080b00000)
AC   0  O    TS     0 PTAMS 0x0000000080c00000 NTAMS 0x0000000080c00000 space 1024K, 100% used [0x0000000080b00000, 0x0000000080c00000)
AC   0  O    TS     0 PTAMS 0x0000000080d00000 NTAMS 0x0000000080d00000 space 1024K, 100% used [0x0000000080c00000, 0x0000000080d00000)
AC   0  O    TS     0 PTAMS 0x0000000080e00000 NTAMS 0x0000000080e00000 space 1024K, 100% used [0x0000000080d00000, 0x0000000080e00000)
AC   0  O    TS     0 PTAMS 0x0000000080f00000 NTAMS 0x0000000080f00000 space 1024K, 100% used [0x0000000080e00000, 0x0000000080f00000)
AC   0  O    TS     0 PTAMS 0x0000000081000000 NTAMS 0x0000000081000000 space 1024K, 100% used [0x0000000080f00000, 0x0000000081000000)
AC   0  O    TS     5 PTAMS 0x0000000081000000 NTAMS 0x0000000081000000 space 1024K, 100% used [0x0000000081000000, 0x0000000081100000)
AC   0  O    TS     0 PTAMS 0x0000000081200000 NTAMS 0x0000000081200000 space 1024K, 100% used [0x0000000081100000, 0x0000000081200000)
AC   0  O    TS     0 PTAMS 0x0000000081300000 NTAMS 0x0000000081300000 space 1024K, 100% used [0x0000000081200000, 0x0000000081300000)
AC   0  O    TS     0 PTAMS 0x0000000081400000 NTAMS 0x0000000081400000 space 1024K, 100% used [0x0000000081300000, 0x0000000081400000)
AC   0  O    TS     0 PTAMS 0x0000000081500000 NTAMS 0x0000000081500000 space 1024K, 100% used [0x0000000081400000, 0x0000000081500000)
AC   0  O    TS     0 PTAMS 0x0000000081600000 NTAMS 0x0000000081600000 space 1024K, 100% used [0x0000000081500000, 0x0000000081600000)
AC   0  O    TS     0 PTAMS 0x0000000081700000 NTAMS 0x0000000081700000 space 1024K, 100% used [0x0000000081600000, 0x0000000081700000)
AC   0  O    TS     5 PTAMS 0x0000000081700000 NTAMS 0x0000000081700000 space 1024K, 100% used [0x0000000081700000, 0x0000000081800000)
AC   0  O    TS     0 PTAMS 0x0000000081900000 NTAMS 0x0000000081900000 space 1024K, 100% used [0x0000000081800000, 0x0000000081900000)
AC   0  O    TS     0 PTAMS 0x0000000081a00000 NTAMS 0x0000000081a00000 space 1024K, 100% used [0x0000000081900000, 0x0000000081a00000)
AC   0  O    TS     0 PTAMS 0x0000000081b00000 NTAMS 0x0000000081b00000 space 1024K, 100% used [0x0000000081a00000, 0x0000000081b00000)
AC   0  O    TS     0 PTAMS 0x0000000081c00000 NTAMS 0x0000000081c00000 space 1024K, 100% used [0x0000000081b00000, 0x0000000081c00000)
AC   0  O    TS     0 PTAMS 0x0000000081d00000 NTAMS 0x0000000081d00000 space 1024K, 100% used [0x0000000081c00000, 0x0000000081d00000)
AC   0  O    TS     0 PTAMS 0x0000000081e00000 NTAMS 0x0000000081e00000 space 1024K, 100% used [0x0000000081d00000, 0x0000000081e00000)
AC   0  O    TS     0 PTAMS 0x0000000081f00000 NTAMS 0x0000000081f00000 space 1024K, 100% used [0x0000000081e00000, 0x0000000081f00000)
AC   0  O    TS     0 PTAMS 0x0000000082000000 NTAMS 0x0000000082000000 space 1024K, 100% used [0x0000000081f00000, 0x0000000082000000)
AC   0  O    TS     0 PTAMS 0x0000000082100000 NTAMS 0x0000000082100000 space 1024K, 100% used [0x0000000082000000, 0x0000000082100000)
AC   0  O    TS     0 PTAMS 0x0000000082200000 NTAMS 0x0000000082200000 space 1024K, 100% used [0x0000000082100000, 0x0000000082200000)
AC   0  O    TS     0 PTAMS 0x0000000082300000 NTAMS 0x0000000082300000 space 1024K, 100% used [0x0000000082200000, 0x0000000082300000)
AC   0  O    TS     0 PTAMS 0x0000000082400000 NTAMS 0x0000000082400000 space 1024K, 100% used [0x0000000082300000, 0x0000000082400000)
AC   0  O    TS     0 PTAMS 0x0000000082500000 NTAMS 0x0000000082500000 space 1024K, 100% used [0x0000000082400000, 0x0000000082500000)
AC   0  O    TS     0 PTAMS 0x0000000082600000 NTAMS 0x0000000082600000 space 1024K, 100% used [0x0000000082500000, 0x0000000082600000)
AC   0  F    TS     0 PTAMS 0x0000000082600000 NTAMS 0x0000000082600000 space 1024K,   0% used [0x0000000082600000, 0x0000000082700000)
AC   0  O    TS     0 PTAMS 0x0000000082800000 NTAMS 0x0000000082800000 space 1024K, 100% used [0x0000000082700000, 0x0000000082800000)
AC   0  O    TS     0 PTAMS 0x0000000082900000 NTAMS 0x0000000082900000 space 1024K, 100% used [0x0000000082800000, 0x0000000082900000)
AC   0  O    TS     0 PTAMS 0x0000000082a00000 NTAMS 0x0000000082a00000 space 1024K, 100% used [0x0000000082900000, 0x0000000082a00000)
AC   0  O    TS     0 PTAMS 0x0000000082b00000 NTAMS 0x0000000082b00000 space 1024K, 100% used [0x0000000082a00000, 0x0000000082b00000)
AC   0  O    TS     0 PTAMS 0x0000000082c00000 NTAMS 0x0000000082c00000 space 1024K, 100% used [0x0000000082b00000, 0x0000000082c00000)
AC   0  O    TS     0 PTAMS 0x0000000082d00000 NTAMS 0x0000000082d00000 space 1024K, 100% used [0x0000000082c00000, 0x0000000082d00000)
AC   0  O    TS     0 PTAMS 0x0000000082e00000 NTAMS 0x0000000082e00000 space 1024K, 100% used [0x0000000082d00000, 0x0000000082e00000)
AC   0  O    TS     0 PTAMS 0x0000000082f00000 NTAMS 0x0000000082f00000 space 1024K, 100% used [0x0000000082e00000, 0x0000000082f00000)
AC   0  O    TS     0 PTAMS 0x0000000083000000 NTAMS 0x0000000083000000 space 1024K, 100% used [0x0000000082f00000, 0x0000000083000000)
AC   0  O    TS     0 PTAMS 0x0000000083100000 NTAMS 0x0000000083100000 space 1024K, 100% used [0x0000000083000000, 0x0000000083100000)
AC   0  O    TS     0 PTAMS 0x0000000083200000 NTAMS 0x0000000083200000 space 1024K, 100% used [0x0000000083100000, 0x0000000083200000)
AC   0  O    TS     0 PTAMS 0x0000000083300000 NTAMS 0x0000000083300000 space 1024K, 100% used [0x0000000083200000, 0x0000000083300000)
AC   0  O    TS     0 PTAMS 0x0000000083400000 NTAMS 0x0000000083400000 space 1024K, 100% used [0x0000000083300000, 0x0000000083400000)
AC   0  O    TS     0 PTAMS 0x0000000083500000 NTAMS 0x0000000083500000 space 1024K, 100% used [0x0000000083400000, 0x0000000083500000)
AC   0  O    TS     0 PTAMS 0x0000000083600000 NTAMS 0x0000000083600000 space 1024K, 100% used [0x0000000083500000, 0x0000000083600000)
AC   0  O    TS     5 PTAMS 0x0000000083600000 NTAMS 0x0000000083600000 space 1024K, 100% used [0x0000000083600000, 0x0000000083700000)
AC   0  O    TS     0 PTAMS 0x0000000083800000 NTAMS 0x0000000083800000 space 1024K, 100% used [0x0000000083700000, 0x0000000083800000)
AC   0  F    TS     0 PTAMS 0x0000000083800000 NTAMS 0x0000000083800000 space 1024K,   0% used [0x0000000083800000, 0x0000000083900000)
AC   0  O    TS     0 PTAMS 0x0000000083a00000 NTAMS 0x0000000083a00000 space 1024K, 100% used [0x0000000083900000, 0x0000000083a00000)
AC   0  O    TS     0 PTAMS 0x0000000083b00000 NTAMS 0x0000000083b00000 space 1024K, 100% used [0x0000000083a00000, 0x0000000083b00000)
AC   0  O    TS     0 PTAMS 0x0000000083c00000 NTAMS 0x0000000083c00000 space 1024K, 100% used [0x0000000083b00000, 0x0000000083c00000)
AC   0  O    TS     0 PTAMS 0x0000000083d00000 NTAMS 0x0000000083d00000 space 1024K, 100% used [0x0000000083c00000, 0x0000000083d00000)
AC   0  O    TS     0 PTAMS 0x0000000083e00000 NTAMS 0x0000000083e00000 space 1024K, 100% used [0x0000000083d00000, 0x0000000083e00000)
AC   0  O    TS     0 PTAMS 0x0000000083f00000 NTAMS 0x0000000083f00000 space 1024K, 100% used [0x0000000083e00000, 0x0000000083f00000)
AC   0  O    TS     0 PTAMS 0x0000000084000000 NTAMS 0x0000000084000000 space 1024K, 100% used [0x0000000083f00000, 0x0000000084000000)
AC   0 HS    TS     0 PTAMS 0x0000000084220010 NTAMS 0x0000000084220010 space 3072K,  70% used [0x0000000084000000, 0x0000000084300000)
AC   0 HC    TS     0 PTAMS 0x0000000084100000 NTAMS 0x0000000084100000 space 1024K, 100% used [0x0000000084100000, 0x0000000084200000)
AC   0 HC    TS     0 PTAMS 0x0000000084200000 NTAMS 0x0000000084200000 space 1024K,  12% used [0x0000000084200000, 0x0000000084300000)
AC   0  O    TS     0 PTAMS 0x0000000084400000 NTAMS 0x0000000084400000 space 1024K, 100% used [0x0000000084300000, 0x0000000084400000)
AC   0  O    TS     0 PTAMS 0x0000000084500000 NTAMS 0x0000000084500000 space 1024K, 100% used [0x0000000084400000, 0x0000000084500000)
AC   0  O    TS     0 PTAMS 0x0000000084600000 NTAMS 0x0000000084600000 space 1024K, 100% used [0x0000000084500000, 0x0000000084600000)
AC   0  O    TS     0 PTAMS 0x0000000084700000 NTAMS 0x0000000084700000 space 1024K, 100% used [0x0000000084600000, 0x0000000084700000)
AC   0  F    TS     0 PTAMS 0x0000000084700000 NTAMS 0x0000000084700000 space 1024K,   0% used [0x0000000084700000, 0x0000000084800000)
AC   0  O    TS     0 PTAMS 0x0000000084900000 NTAMS 0x0000000084900000 space 1024K, 100% used [0x0000000084800000, 0x0000000084900000)
AC   0  O    TS     0 PTAMS 0x0000000084a00000 NTAMS 0x0000000084a00000 space 1024K, 100% used [0x0000000084900000, 0x0000000084a00000)
AC   0  O    TS     0 PTAMS 0x0000000084b00000 NTAMS 0x0000000084b00000 space 1024K, 100% used [0x0000000084a00000, 0x0000000084b00000)
AC   0  O    TS     0 PTAMS 0x0000000084c00000 NTAMS 0x0000000084c00000 space 1024K, 100% used [0x0000000084b00000, 0x0000000084c00000)
AC   0  O    TS     0 PTAMS 0x0000000084d00000 NTAMS 0x0000000084d00000 space 1024K, 100% used [0x0000000084c00000, 0x0000000084d00000)
AC   0  O    TS     0 PTAMS 0x0000000084e00000 NTAMS 0x0000000084e00000 space 1024K, 100% used [0x0000000084d00000, 0x0000000084e00000)
AC   0  O    TS     0 PTAMS 0x0000000084f00000 NTAMS 0x0000000084f00000 space 1024K, 100% used [0x0000000084e00000, 0x0000000084f00000)
AC   0  O    TS     0 PTAMS 0x0000000085000000 NTAMS 0x0000000085000000 space 1024K, 100% used [0x0000000084f00000, 0x0000000085000000)
AC   0  O    TS     0 PTAMS 0x0000000085100000 NTAMS 0x0000000085100000 space 1024K, 100% used [0x0000000085000000, 0x0000000085100000)
AC   0  O    TS     0 PTAMS 0x0000000085200000 NTAMS 0x0000000085200000 space 1024K, 100% used [0x0000000085100000, 0x0000000085200000)
AC   0  O CS TS     0 PTAMS 0x0000000085300000 NTAMS 0x0000000085300000 space 1024K, 100% used [0x0000000085200000, 0x0000000085300000)
AC   0  O    TS     0 PTAMS 0x0000000085400000 NTAMS 0x0000000085400000 space 1024K, 100% used [0x0000000085300000, 0x0000000085400000)
AC   0  O    TS     0 PTAMS 0x0000000085500000 NTAMS 0x0000000085500000 space 1024K, 100% used [0x0000000085400000, 0x0000000085500000)
AC   0  O    TS     0 PTAMS 0x0000000085600000 NTAMS 0x0000000085600000 space 1024K, 100% used [0x0000000085500000, 0x0000000085600000)
AC   0  O    TS     0 PTAMS 0x0000000085700000 NTAMS 0x0000000085700000 space 1024K, 100% used [0x0000000085600000, 0x0000000085700000)
AC   0  O    TS     0 PTAMS 0x0000000085800000 NTAMS 0x0000000085800000 space 1024K, 100% used [0x0000000085700000, 0x0000000085800000)
AC   0  O    TS     0 PTAMS 0x0000000085900000 NTAMS 0x0000000085900000 space 1024K, 100% used [0x0000000085800000, 0x0000000085900000)
AC   0  O    TS     0 PTAMS 0x0000000085a00000 NTAMS 0x0000000085a00000 space 1024K, 100% used [0x0000000085900000, 0x0000000085a00000)
AC   0  O    TS     0 PTAMS 0x0000000085b00000 NTAMS 0x0000000085b00000 space 1024K, 100% used [0x0000000085a00000, 0x0000000085b00000)
AC   0  O    TS     0 PTAMS 0x0000000085c00000 NTAMS 0x0000000085c00000 space 1024K, 100% used [0x0000000085b00000, 0x0000000085c00000)
AC   0  O    TS     0 PTAMS 0x0000000085d00000 NTAMS 0x0000000085d00000 space 1024K, 100% used [0x0000000085c00000, 0x0000000085d00000)
AC   0  O    TS     0 PTAMS 0x0000000085e00000 NTAMS 0x0000000085e00000 space 1024K, 100% used [0x0000000085d00000, 0x0000000085e00000)
AC   0  O    TS     0 PTAMS 0x0000000085f00000 NTAMS 0x0000000085f00000 space 1024K, 100% used [0x0000000085e00000, 0x0000000085f00000)
AC   0  O    TS     0 PTAMS 0x0000000086000000 NTAMS 0x0000000086000000 space 1024K, 100% used [0x0000000085f00000, 0x0000000086000000)
AC   0  O    TS     0 PTAMS 0x0000000086100000 NTAMS 0x0000000086100000 space 1024K, 100% used [0x0000000086000000, 0x0000000086100000)
AC   0  O    TS     0 PTAMS 0x0000000086200000 NTAMS 0x0000000086200000 space 1024K, 100% used [0x0000000086100000, 0x0000000086200000)
AC   0  O    TS     0 PTAMS 0x0000000086300000 NTAMS 0x0000000086300000 space 1024K, 100% used [0x0000000086200000, 0x0000000086300000)
AC   0  F    TS     0 PTAMS 0x0000000086300000 NTAMS 0x0000000086300000 space 1024K,   0% used [0x0000000086300000, 0x0000000086400000)
AC   0  O    TS     0 PTAMS 0x0000000086500000 NTAMS 0x0000000086500000 space 1024K, 100% used [0x0000000086400000, 0x0000000086500000)
AC   0  O    TS     0 PTAMS 0x0000000086600000 NTAMS 0x0000000086600000 space 1024K, 100% used [0x0000000086500000, 0x0000000086600000)
AC   0  O    TS     0 PTAMS 0x0000000086700000 NTAMS 0x0000000086700000 space 1024K, 100% used [0x0000000086600000, 0x0000000086700000)
AC   0  O    TS     0 PTAMS 0x0000000086800000 NTAMS 0x0000000086800000 space 1024K, 100% used [0x0000000086700000, 0x0000000086800000)
AC   0  O    TS     0 PTAMS 0x0000000086900000 NTAMS 0x0000000086900000 space 1024K, 100% used [0x0000000086800000, 0x0000000086900000)
AC   0  O    TS     0 PTAMS 0x0000000086a00000 NTAMS 0x0000000086a00000 space 1024K, 100% used [0x0000000086900000, 0x0000000086a00000)
AC   0  O    TS     0 PTAMS 0x0000000086b00000 NTAMS 0x0000000086b00000 space 1024K, 100% used [0x0000000086a00000, 0x0000000086b00000)
AC   0  O    TS     0 PTAMS 0x0000000086c00000 NTAMS 0x0000000086c00000 space 1024K, 100% used [0x0000000086b00000, 0x0000000086c00000)
AC   0  O    TS     0 PTAMS 0x0000000086d00000 NTAMS 0x0000000086d00000 space 1024K, 100% used [0x0000000086c00000, 0x0000000086d00000)
AC   0  O    TS     0 PTAMS 0x0000000086e00000 NTAMS 0x0000000086e00000 space 1024K, 100% used [0x0000000086d00000, 0x0000000086e00000)
AC   0  O    TS     0 PTAMS 0x0000000086f00000 NTAMS 0x0000000086f00000 space 1024K, 100% used [0x0000000086e00000, 0x0000000086f00000)
AC   0  O    TS     0 PTAMS 0x0000000087000000 NTAMS 0x0000000087000000 space 1024K, 100% used [0x0000000086f00000, 0x0000000087000000)
AC   0  O    TS     0 PTAMS 0x0000000087100000 NTAMS 0x0000000087100000 space 1024K, 100% used [0x0000000087000000, 0x0000000087100000)
AC   0  O    TS     0 PTAMS 0x0000000087200000 NTAMS 0x0000000087200000 space 1024K, 100% used [0x0000000087100000, 0x0000000087200000)
AC   0  O    TS     0 PTAMS 0x0000000087300000 NTAMS 0x0000000087300000 space 1024K, 100% used [0x0000000087200000, 0x0000000087300000)
AC   0  O    TS     0 PTAMS 0x0000000087400000 NTAMS 0x0000000087400000 space 1024K, 100% used [0x0000000087300000, 0x0000000087400000)
AC   0  O    TS     0 PTAMS 0x0000000087500000 NTAMS 0x0000000087500000 space 1024K, 100% used [0x0000000087400000, 0x0000000087500000)
AC   0  O    TS     0 PTAMS 0x0000000087600000 NTAMS 0x0000000087600000 space 1024K, 100% used [0x0000000087500000, 0x0000000087600000)
AC   0  O    TS     0 PTAMS 0x0000000087700000 NTAMS 0x0000000087700000 space 1024K, 100% used [0x0000000087600000, 0x0000000087700000)
AC   0  O    TS     0 PTAMS 0x0000000087800000 NTAMS 0x0000000087800000 space 1024K, 100% used [0x0000000087700000, 0x0000000087800000)
AC   0 HS    TS     0 PTAMS 0x0000000087900010 NTAMS 0x0000000087900010 space 2048K,  50% used [0x0000000087800000, 0x0000000087a00000)
AC   0 HC    TS     0 PTAMS 0x0000000087900000 NTAMS 0x0000000087900000 space 1024K,   0% used [0x0000000087900000, 0x0000000087a00000)
AC   0  F    TS     0 PTAMS 0x0000000087a00000 NTAMS 0x0000000087a00000 space 1024K,   0% used [0x0000000087a00000, 0x0000000087b00000)
AC   0  O    TS     0 PTAMS 0x0000000087c00000 NTAMS 0x0000000087c00000 space 1024K, 100% used [0x0000000087b00000, 0x0000000087c00000)
AC   0  O    TS     0 PTAMS 0x0000000087d00000 NTAMS 0x0000000087d00000 space 1024K, 100% used [0x0000000087c00000, 0x0000000087d00000)
AC   0  F    TS     0 PTAMS 0x0000000087d00000 NTAMS 0x0000000087d00000 space 1024K,   0% used [0x0000000087d00000, 0x0000000087e00000)
AC   0  O    TS     0 PTAMS 0x0000000087f00000 NTAMS 0x0000000087f00000 space 1024K, 100% used [0x0000000087e00000, 0x0000000087f00000)
AC   0  O    TS     0 PTAMS 0x0000000088000000 NTAMS 0x0000000088000000 space 1024K, 100% used [0x0000000087f00000, 0x0000000088000000)
AC   0  O    TS     0 PTAMS 0x0000000088100000 NTAMS 0x0000000088100000 space 1024K, 100% used [0x0000000088000000, 0x0000000088100000)
AC   0  O    TS     0 PTAMS 0x0000000088200000 NTAMS 0x0000000088200000 space 1024K, 100% used [0x0000000088100000, 0x0000000088200000)
AC   0  O    TS     5 PTAMS 0x0000000088200000 NTAMS 0x0000000088200000 space 1024K, 100% used [0x0000000088200000, 0x0000000088300000)
AC   0  O    TS     0 PTAMS 0x0000000088400000 NTAMS 0x0000000088400000 space 1024K, 100% used [0x0000000088300000, 0x0000000088400000)
AC   0  O    TS     0 PTAMS 0x0000000088500000 NTAMS 0x0000000088500000 space 1024K, 100% used [0x0000000088400000, 0x0000000088500000)
AC   0  O    TS     0 PTAMS 0x0000000088600000 NTAMS 0x0000000088600000 space 1024K, 100% used [0x0000000088500000, 0x0000000088600000)
AC   0  O    TS     0 PTAMS 0x0000000088700000 NTAMS 0x0000000088700000 space 1024K, 100% used [0x0000000088600000, 0x0000000088700000)
AC   0  O    TS     0 PTAMS 0x0000000088800000 NTAMS 0x0000000088800000 space 1024K, 100% used [0x0000000088700000, 0x0000000088800000)
AC   0  O    TS     0 PTAMS 0x0000000088900000 NTAMS 0x0000000088900000 space 1024K, 100% used [0x0000000088800000, 0x0000000088900000)
AC   0  O    TS     0 PTAMS 0x0000000088a00000 NTAMS 0x0000000088a00000 space 1024K, 100% used [0x0000000088900000, 0x0000000088a00000)
AC   0  O    TS     0 PTAMS 0x0000000088b00000 NTAMS 0x0000000088b00000 space 1024K, 100% used [0x0000000088a00000, 0x0000000088b00000)
AC   0  F    TS     0 PTAMS 0x0000000088b00000 NTAMS 0x0000000088b00000 space 1024K,   0% used [0x0000000088b00000, 0x0000000088c00000)
AC   0  O    TS     5 PTAMS 0x0000000088c00000 NTAMS 0x0000000088c00000 space 1024K, 100% used [0x0000000088c00000, 0x0000000088d00000)
AC   0  O    TS     7 PTAMS 0x0000000088d00000 NTAMS 0x0000000088d00000 space 1024K,  44% used [0x0000000088d00000, 0x0000000088e00000)
AC   0  F    TS     0 PTAMS 0x0000000088e00000 NTAMS 0x0000000088e00000 space 1024K,   0% used [0x0000000088e00000, 0x0000000088f00000)
AC   0  F    TS     0 PTAMS 0x0000000088f00000 NTAMS 0x0000000088f00000 space 1024K,   0% used [0x0000000088f00000, 0x0000000089000000)
AC   0  F    TS     0 PTAMS 0x0000000089000000 NTAMS 0x0000000089000000 space 1024K,   0% used [0x0000000089000000, 0x0000000089100000)
AC   0  F    TS     0 PTAMS 0x0000000089100000 NTAMS 0x0000000089100000 space 1024K,   0% used [0x0000000089100000, 0x0000000089200000)
AC   0  O    TS     0 PTAMS 0x0000000089300000 NTAMS 0x0000000089300000 space 1024K, 100% used [0x0000000089200000, 0x0000000089300000)
AC   0  O    TS     0 PTAMS 0x0000000089400000 NTAMS 0x0000000089400000 space 1024K, 100% used [0x0000000089300000, 0x0000000089400000)
AC   0  O    TS     0 PTAMS 0x0000000089500000 NTAMS 0x0000000089500000 space 1024K, 100% used [0x0000000089400000, 0x0000000089500000)
AC   0  F    TS     0 PTAMS 0x0000000089500000 NTAMS 0x0000000089500000 space 1024K,   0% used [0x0000000089500000, 0x0000000089600000)
AC   0  O    TS     0 PTAMS 0x0000000089700000 NTAMS 0x0000000089700000 space 1024K, 100% used [0x0000000089600000, 0x0000000089700000)
AC   0  O    TS     1 PTAMS 0x00000000897a6200 NTAMS 0x00000000897a6200 space 1024K, 100% used [0x0000000089700000, 0x0000000089800000)
AC   0  O    TS     1 PTAMS 0x0000000089800000 NTAMS 0x0000000089800000 space 1024K, 100% used [0x0000000089800000, 0x0000000089900000)
AC   0  O    TS     0 PTAMS 0x0000000089a00000 NTAMS 0x0000000089a00000 space 1024K, 100% used [0x0000000089900000, 0x0000000089a00000)
AC   0  O    TS     1 PTAMS 0x0000000089a00000 NTAMS 0x0000000089a00000 space 1024K, 100% used [0x0000000089a00000, 0x0000000089b00000)
AC   0  O    TS     3 PTAMS 0x0000000089b00000 NTAMS 0x0000000089b00000 space 1024K, 100% used [0x0000000089b00000, 0x0000000089c00000)
AC   0  O    TS     0 PTAMS 0x0000000089d00000 NTAMS 0x0000000089d00000 space 1024K, 100% used [0x0000000089c00000, 0x0000000089d00000)
AC   0  O    TS     0 PTAMS 0x0000000089e00000 NTAMS 0x0000000089e00000 space 1024K, 100% used [0x0000000089d00000, 0x0000000089e00000)
AC   0  O    TS     5 PTAMS 0x0000000089e00000 NTAMS 0x0000000089e00000 space 1024K, 100% used [0x0000000089e00000, 0x0000000089f00000)
AC   0  O    TS     0 PTAMS 0x000000008a000000 NTAMS 0x000000008a000000 space 1024K, 100% used [0x0000000089f00000, 0x000000008a000000)
AC   0  O    TS     0 PTAMS 0x000000008a100000 NTAMS 0x000000008a100000 space 1024K, 100% used [0x000000008a000000, 0x000000008a100000)
AC   0  F    TS     0 PTAMS 0x000000008a100000 NTAMS 0x000000008a100000 space 1024K,   0% used [0x000000008a100000, 0x000000008a200000)
AC   0  F    TS     0 PTAMS 0x000000008a200000 NTAMS 0x000000008a200000 space 1024K,   0% used [0x000000008a200000, 0x000000008a300000)
AC   0  O    TS     0 PTAMS 0x000000008a400000 NTAMS 0x000000008a400000 space 1024K, 100% used [0x000000008a300000, 0x000000008a400000)
AC   0  F    TS     0 PTAMS 0x000000008a400000 NTAMS 0x000000008a400000 space 1024K,   0% used [0x000000008a400000, 0x000000008a500000)
AC   0  F    TS     0 PTAMS 0x000000008a500000 NTAMS 0x000000008a500000 space 1024K,   0% used [0x000000008a500000, 0x000000008a600000)
AC   0  O    TS     0 PTAMS 0x000000008a700000 NTAMS 0x000000008a700000 space 1024K, 100% used [0x000000008a600000, 0x000000008a700000)
AC   0  O    TS     0 PTAMS 0x000000008a800000 NTAMS 0x000000008a800000 space 1024K, 100% used [0x000000008a700000, 0x000000008a800000)
AC   0  F    TS     0 PTAMS 0x000000008a800000 NTAMS 0x000000008a800000 space 1024K,   0% used [0x000000008a800000, 0x000000008a900000)
AC   0  F    TS     0 PTAMS 0x000000008a900000 NTAMS 0x000000008a900000 space 1024K,   0% used [0x000000008a900000, 0x000000008aa00000)
AC   0  F    TS     0 PTAMS 0x000000008aa00000 NTAMS 0x000000008aa00000 space 1024K,   0% used [0x000000008aa00000, 0x000000008ab00000)
AC   0  O    TS     0 PTAMS 0x000000008ac00000 NTAMS 0x000000008ac00000 space 1024K, 100% used [0x000000008ab00000, 0x000000008ac00000)
AC   0  F    TS     0 PTAMS 0x000000008ac00000 NTAMS 0x000000008ac00000 space 1024K,   0% used [0x000000008ac00000, 0x000000008ad00000)
AC   0  F    TS     0 PTAMS 0x000000008ad00000 NTAMS 0x000000008ad00000 space 1024K,   0% used [0x000000008ad00000, 0x000000008ae00000)
AC   0  F    TS     0 PTAMS 0x000000008ae00000 NTAMS 0x000000008ae00000 space 1024K,   0% used [0x000000008ae00000, 0x000000008af00000)
AC   0  F    TS     0 PTAMS 0x000000008af00000 NTAMS 0x000000008af00000 space 1024K,   0% used [0x000000008af00000, 0x000000008b000000)
AC   0  F    TS     0 PTAMS 0x000000008b000000 NTAMS 0x000000008b000000 space 1024K,   0% used [0x000000008b000000, 0x000000008b100000)
AC   0  F    TS     0 PTAMS 0x000000008b100000 NTAMS 0x000000008b100000 space 1024K,   0% used [0x000000008b100000, 0x000000008b200000)
AC   0  F    TS     0 PTAMS 0x000000008b200000 NTAMS 0x000000008b200000 space 1024K,   0% used [0x000000008b200000, 0x000000008b300000)
AC   0  F    TS     0 PTAMS 0x000000008b300000 NTAMS 0x000000008b300000 space 1024K,   0% used [0x000000008b300000, 0x000000008b400000)
AC   0  F    TS     0 PTAMS 0x000000008b400000 NTAMS 0x000000008b400000 space 1024K,   0% used [0x000000008b400000, 0x000000008b500000)
AC   0  F    TS     0 PTAMS 0x000000008b500000 NTAMS 0x000000008b500000 space 1024K,   0% used [0x000000008b500000, 0x000000008b600000)
AC   0  F    TS     0 PTAMS 0x000000008b600000 NTAMS 0x000000008b600000 space 1024K,   0% used [0x000000008b600000, 0x000000008b700000)
AC   0  F    TS     0 PTAMS 0x000000008b700000 NTAMS 0x000000008b700000 space 1024K,   0% used [0x000000008b700000, 0x000000008b800000)
AC   0  F    TS     0 PTAMS 0x000000008b800000 NTAMS 0x000000008b800000 space 1024K,   0% used [0x000000008b800000, 0x000000008b900000)
AC   0  F    TS     0 PTAMS 0x000000008b900000 NTAMS 0x000000008b900000 space 1024K,   0% used [0x000000008b900000, 0x000000008ba00000)
AC   0  F    TS     0 PTAMS 0x000000008ba00000 NTAMS 0x000000008ba00000 space 1024K,   0% used [0x000000008ba00000, 0x000000008bb00000)
AC   0  F    TS     0 PTAMS 0x000000008bb00000 NTAMS 0x000000008bb00000 space 1024K,   0% used [0x000000008bb00000, 0x000000008bc00000)
AC   0  F    TS     0 PTAMS 0x000000008bc00000 NTAMS 0x000000008bc00000 space 1024K,   0% used [0x000000008bc00000, 0x000000008bd00000)
AC   0  F    TS     0 PTAMS 0x000000008bd00000 NTAMS 0x000000008bd00000 space 1024K,   0% used [0x000000008bd00000, 0x000000008be00000)
AC   0  F    TS     0 PTAMS 0x000000008be00000 NTAMS 0x000000008be00000 space 1024K,   0% used [0x000000008be00000, 0x000000008bf00000)
AC   0  F    TS     0 PTAMS 0x000000008bf00000 NTAMS 0x000000008bf00000 space 1024K,   0% used [0x000000008bf00000, 0x000000008c000000)
AC   0  F    TS     0 PTAMS 0x000000008c000000 NTAMS 0x000000008c000000 space 1024K,   0% used [0x000000008c000000, 0x000000008c100000)
AC   0  F    TS     0 PTAMS 0x000000008c100000 NTAMS 0x000000008c100000 space 1024K,   0% used [0x000000008c100000, 0x000000008c200000)
AC   0  F    TS     0 PTAMS 0x000000008c200000 NTAMS 0x000000008c200000 space 1024K,   0% used [0x000000008c200000, 0x000000008c300000)
AC   0  F    TS     0 PTAMS 0x000000008c300000 NTAMS 0x000000008c300000 space 1024K,   0% used [0x000000008c300000, 0x000000008c400000)
AC   0  F    TS     0 PTAMS 0x000000008c400000 NTAMS 0x000000008c400000 space 1024K,   0% used [0x000000008c400000, 0x000000008c500000)
AC   0  F    TS     0 PTAMS 0x000000008c500000 NTAMS 0x000000008c500000 space 1024K,   0% used [0x000000008c500000, 0x000000008c600000)
AC   0  F    TS     0 PTAMS 0x000000008c600000 NTAMS 0x000000008c600000 space 1024K,   0% used [0x000000008c600000, 0x000000008c700000)
AC   0  F    TS     0 PTAMS 0x000000008c700000 NTAMS 0x000000008c700000 space 1024K,   0% used [0x000000008c700000, 0x000000008c800000)
AC   0  F    TS     0 PTAMS 0x000000008c800000 NTAMS 0x000000008c800000 space 1024K,   0% used [0x000000008c800000, 0x000000008c900000)
AC   0  F    TS     0 PTAMS 0x000000008c900000 NTAMS 0x000000008c900000 space 1024K,   0% used [0x000000008c900000, 0x000000008ca00000)
AC   0  F    TS     0 PTAMS 0x000000008ca00000 NTAMS 0x000000008ca00000 space 1024K,   0% used [0x000000008ca00000, 0x000000008cb00000)
AC   0  F    TS     0 PTAMS 0x000000008cb00000 NTAMS 0x000000008cb00000 space 1024K,   0% used [0x000000008cb00000, 0x000000008cc00000)
AC   0  F    TS     0 PTAMS 0x000000008cc00000 NTAMS 0x000000008cc00000 space 1024K,   0% used [0x000000008cc00000, 0x000000008cd00000)
AC   0  F    TS     0 PTAMS 0x000000008cd00000 NTAMS 0x000000008cd00000 space 1024K,   0% used [0x000000008cd00000, 0x000000008ce00000)
AC   0  F    TS     0 PTAMS 0x000000008ce00000 NTAMS 0x000000008ce00000 space 1024K,   0% used [0x000000008ce00000, 0x000000008cf00000)
AC   0  F    TS     0 PTAMS 0x000000008cf00000 NTAMS 0x000000008cf00000 space 1024K,   0% used [0x000000008cf00000, 0x000000008d000000)
AC   0  F    TS     0 PTAMS 0x000000008d000000 NTAMS 0x000000008d000000 space 1024K,   0% used [0x000000008d000000, 0x000000008d100000)
AC   0  F    TS     0 PTAMS 0x000000008d100000 NTAMS 0x000000008d100000 space 1024K,   0% used [0x000000008d100000, 0x000000008d200000)
AC   0  F    TS     0 PTAMS 0x000000008d200000 NTAMS 0x000000008d200000 space 1024K,   0% used [0x000000008d200000, 0x000000008d300000)
AC   0  F    TS     0 PTAMS 0x000000008d300000 NTAMS 0x000000008d300000 space 1024K,   0% used [0x000000008d300000, 0x000000008d400000)
AC   0  F    TS     0 PTAMS 0x000000008d400000 NTAMS 0x000000008d400000 space 1024K,   0% used [0x000000008d400000, 0x000000008d500000)
AC   0  F    TS     0 PTAMS 0x000000008d500000 NTAMS 0x000000008d500000 space 1024K,   0% used [0x000000008d500000, 0x000000008d600000)
AC   0  F    TS     0 PTAMS 0x000000008d600000 NTAMS 0x000000008d600000 space 1024K,   0% used [0x000000008d600000, 0x000000008d700000)
AC   0  F    TS     0 PTAMS 0x000000008d700000 NTAMS 0x000000008d700000 space 1024K,   0% used [0x000000008d700000, 0x000000008d800000)
AC   0  F    TS     0 PTAMS 0x000000008d800000 NTAMS 0x000000008d800000 space 1024K,   0% used [0x000000008d800000, 0x000000008d900000)
AC   0  F    TS     0 PTAMS 0x000000008d900000 NTAMS 0x000000008d900000 space 1024K,   0% used [0x000000008d900000, 0x000000008da00000)
AC   0  F    TS     0 PTAMS 0x000000008da00000 NTAMS 0x000000008da00000 space 1024K,   0% used [0x000000008da00000, 0x000000008db00000)
AC   0  F    TS     0 PTAMS 0x000000008db00000 NTAMS 0x000000008db00000 space 1024K,   0% used [0x000000008db00000, 0x000000008dc00000)
AC   0  F    TS     0 PTAMS 0x000000008dc00000 NTAMS 0x000000008dc00000 space 1024K,   0% used [0x000000008dc00000, 0x000000008dd00000)
AC   0  F    TS     0 PTAMS 0x000000008dd00000 NTAMS 0x000000008dd00000 space 1024K,   0% used [0x000000008dd00000, 0x000000008de00000)
AC   0  F    TS     0 PTAMS 0x000000008de00000 NTAMS 0x000000008de00000 space 1024K,   0% used [0x000000008de00000, 0x000000008df00000)
AC   0  F    TS     0 PTAMS 0x000000008df00000 NTAMS 0x000000008df00000 space 1024K,   0% used [0x000000008df00000, 0x000000008e000000)
AC   0  F    TS     0 PTAMS 0x000000008e000000 NTAMS 0x000000008e000000 space 1024K,   0% used [0x000000008e000000, 0x000000008e100000)
AC   0  F    TS     0 PTAMS 0x000000008e100000 NTAMS 0x000000008e100000 space 1024K,   0% used [0x000000008e100000, 0x000000008e200000)
AC   0  F    TS     0 PTAMS 0x000000008e200000 NTAMS 0x000000008e200000 space 1024K,   0% used [0x000000008e200000, 0x000000008e300000)
AC   0  F    TS     0 PTAMS 0x000000008e300000 NTAMS 0x000000008e300000 space 1024K,   0% used [0x000000008e300000, 0x000000008e400000)
AC   0  F    TS     0 PTAMS 0x000000008e400000 NTAMS 0x000000008e400000 space 1024K,   0% used [0x000000008e400000, 0x000000008e500000)
AC   0  F    TS     0 PTAMS 0x000000008e500000 NTAMS 0x000000008e500000 space 1024K,   0% used [0x000000008e500000, 0x000000008e600000)
AC   0  F    TS     0 PTAMS 0x000000008e600000 NTAMS 0x000000008e600000 space 1024K,   0% used [0x000000008e600000, 0x000000008e700000)
AC   0  F    TS     0 PTAMS 0x000000008e700000 NTAMS 0x000000008e700000 space 1024K,   0% used [0x000000008e700000, 0x000000008e800000)
AC   0  F    TS     0 PTAMS 0x000000008e800000 NTAMS 0x000000008e800000 space 1024K,   0% used [0x000000008e800000, 0x000000008e900000)
AC   0  F    TS     0 PTAMS 0x000000008e900000 NTAMS 0x000000008e900000 space 1024K,   0% used [0x000000008e900000, 0x000000008ea00000)
AC   0  F    TS     0 PTAMS 0x000000008ea00000 NTAMS 0x000000008ea00000 space 1024K,   0% used [0x000000008ea00000, 0x000000008eb00000)
AC   0  F    TS     0 PTAMS 0x000000008eb00000 NTAMS 0x000000008eb00000 space 1024K,   0% used [0x000000008eb00000, 0x000000008ec00000)
AC   0  F    TS     0 PTAMS 0x000000008ec00000 NTAMS 0x000000008ec00000 space 1024K,   0% used [0x000000008ec00000, 0x000000008ed00000)
AC   0  F    TS     0 PTAMS 0x000000008ed00000 NTAMS 0x000000008ed00000 space 1024K,   0% used [0x000000008ed00000, 0x000000008ee00000)
AC   0  F    TS     0 PTAMS 0x000000008ee00000 NTAMS 0x000000008ee00000 space 1024K,   0% used [0x000000008ee00000, 0x000000008ef00000)
AC   0  F    TS     0 PTAMS 0x000000008ef00000 NTAMS 0x000000008ef00000 space 1024K,   0% used [0x000000008ef00000, 0x000000008f000000)
AC   0  F    TS     0 PTAMS 0x000000008f000000 NTAMS 0x000000008f000000 space 1024K,   0% used [0x000000008f000000, 0x000000008f100000)
AC   0  F    TS     0 PTAMS 0x000000008f100000 NTAMS 0x000000008f100000 space 1024K,   0% used [0x000000008f100000, 0x000000008f200000)
AC   0  F    TS     0 PTAMS 0x000000008f200000 NTAMS 0x000000008f200000 space 1024K,   0% used [0x000000008f200000, 0x000000008f300000)
AC   0  F    TS     0 PTAMS 0x000000008f300000 NTAMS 0x000000008f300000 space 1024K,   0% used [0x000000008f300000, 0x000000008f400000)
AC   0  F    TS     1 PTAMS 0x000000008f400000 NTAMS 0x000000008f400000 space 1024K,   0% used [0x000000008f400000, 0x000000008f500000)
AC   0  E CS TS     5 PTAMS 0x000000008f500000 NTAMS 0x000000008f500000 space 1024K,   9% used [0x000000008f500000, 0x000000008f600000)
AC   0  S    TS     7 PTAMS 0x000000008f600000 NTAMS 0x000000008f600000 space 1024K,   1% used [0x000000008f600000, 0x000000008f700000)
AC   0  E CS TS     3 PTAMS 0x000000008f700000 NTAMS 0x000000008f700000 space 1024K, 100% used [0x000000008f700000, 0x000000008f800000)
AC   0  E CS TS     0 PTAMS 0x000000008f800000 NTAMS 0x000000008f800000 space 1024K, 100% used [0x000000008f800000, 0x000000008f900000)
AC   0  E CS TS     0 PTAMS 0x000000008f900000 NTAMS 0x000000008f900000 space 1024K, 100% used [0x000000008f900000, 0x000000008fa00000)
AC   0  E CS TS     0 PTAMS 0x000000008fa00000 NTAMS 0x000000008fa00000 space 1024K, 100% used [0x000000008fa00000, 0x000000008fb00000)
AC   0  E CS TS     0 PTAMS 0x000000008fb00000 NTAMS 0x000000008fb00000 space 1024K, 100% used [0x000000008fb00000, 0x000000008fc00000)
AC   0  E CS TS     0 PTAMS 0x000000008fc00000 NTAMS 0x000000008fc00000 space 1024K, 100% used [0x000000008fc00000, 0x000000008fd00000)
AC   0  E CS TS     0 PTAMS 0x000000008fd00000 NTAMS 0x000000008fd00000 space 1024K, 100% used [0x000000008fd00000, 0x000000008fe00000)
AC   0  E CS TS     0 PTAMS 0x000000008fe00000 NTAMS 0x000000008fe00000 space 1024K, 100% used [0x000000008fe00000, 0x000000008ff00000)
AC   0  E CS TS     0 PTAMS 0x000000008ff00000 NTAMS 0x000000008ff00000 space 1024K, 100% used [0x000000008ff00000, 0x0000000090000000)
AC   0  E CS TS     0 PTAMS 0x0000000090000000 NTAMS 0x0000000090000000 space 1024K, 100% used [0x0000000090000000, 0x0000000090100000)
AC   0  E CS TS     0 PTAMS 0x0000000090100000 NTAMS 0x0000000090100000 space 1024K, 100% used [0x0000000090100000, 0x0000000090200000)

Card table byte_map: [0x00000000141c0000,0x00000000145c0000] byte_map_base: 0x0000000013dc0000

Marking Bits (Prev, Next): (CMBitMap*) 0x00000000030dfa38, (CMBitMap*) 0x00000000030dfa90
 Prev Bits: [0x00000000149c0000, 0x00000000169c0000)
 Next Bits: [0x00000000169c0000, 0x00000000189c0000)

Polling page: 0x00000000026f0000

CodeCache: size=245760Kb used=94622Kb max_used=94765Kb free=151137Kb
 bounds [0x00000000031a0000, 0x0000000008f00000, 0x00000000121a0000]
 total_blobs=25733 nmethods=24681 adapters=956
 compilation: enabled

Compilation events (10 events):
Event: 153690.105 Thread 0x000000001c847800 33156       3       org.eclipse.core.internal.registry.ReferenceMap::get (54 bytes)
Event: 153690.131 Thread 0x000000001c847800 nmethod 33156 0x0000000004d1c9d0 code [0x0000000004d1cb80, 0x0000000004d1d118]
Event: 153690.213 Thread 0x000000001c841800 nmethod 33157 0x0000000008ee53d0 code [0x0000000008ee5ee0, 0x0000000008eef878]
Event: 155467.459 Thread 0x000000001c842800 33159       4       org.eclipse.swt.custom.CTabFolder::getStyle (82 bytes)
Event: 155467.503 Thread 0x000000001c842800 nmethod 33159 0x00000000051c3f50 code [0x00000000051c40a0, 0x00000000051c4238]
Event: 155604.167 Thread 0x000000001c847800 33160       3       org.eclipse.ui.part.FileEditorInput::saveState (6 bytes)
Event: 155604.276 Thread 0x000000001c847800 nmethod 33160 0x0000000008c47150 code [0x0000000008c472e0, 0x0000000008c476d8]
Event: 155604.566 Thread 0x000000001c841800 33162       4       org.eclipse.e4.ui.model.application.ui.menu.impl.MenuImpl::eInverseAdd (43 bytes)
Event: 155604.593 Thread 0x000000001c842800 33163       4       org.eclipse.e4.ui.model.application.commands.impl.CommandParameterImpl::eSet (65 bytes)
Event: 155604.634 Thread 0x000000001c841800 nmethod 33162 0x00000000041ec510 code [0x00000000041ec680, 0x00000000041ec8d0]

GC Heap History (10 events):
Event: 119012.279 GC heap after
Heap after GC invocations=146 (full 0):
 garbage-first heap   total 264192K, used 162944K [0x0000000080000000, 0x0000000080100810, 0x0000000100000000)
  region size 1024K, 2 young (2048K), 2 survivors (2048K)
 Metaspace       used 182388K, capacity 202472K, committed 202856K, reserved 1224704K
  class space    used 22088K, capacity 27630K, committed 27752K, reserved 1048576K
}
Event: 121294.109 GC heap before
{Heap before GC invocations=146 (full 0):
 garbage-first heap   total 264192K, used 173184K [0x0000000080000000, 0x0000000080100810, 0x0000000100000000)
  region size 1024K, 12 young (12288K), 2 survivors (2048K)
 Metaspace       used 182388K, capacity 202472K, committed 202856K, reserved 1224704K
  class space    used 22088K, capacity 27630K, committed 27752K, reserved 1048576K
Event: 121294.243 GC heap after
Heap after GC invocations=147 (full 0):
 garbage-first heap   total 264192K, used 165656K [0x0000000080000000, 0x0000000080100810, 0x0000000100000000)
  region size 1024K, 2 young (2048K), 2 survivors (2048K)
 Metaspace       used 182388K, capacity 202472K, committed 202856K, reserved 1224704K
  class space    used 22088K, capacity 27630K, committed 27752K, reserved 1048576K
}
Event: 131186.858 GC heap before
{Heap before GC invocations=148 (full 0):
 garbage-first heap   total 264192K, used 175896K [0x0000000080000000, 0x0000000080100810, 0x0000000100000000)
  region size 1024K, 12 young (12288K), 2 survivors (2048K)
 Metaspace       used 182381K, capacity 202460K, committed 202856K, reserved 1224704K
  class space    used 22087K, capacity 27628K, committed 27752K, reserved 1048576K
Event: 131187.378 GC heap after
Heap after GC invocations=149 (full 0):
 garbage-first heap   total 264192K, used 168421K [0x0000000080000000, 0x0000000080100810, 0x0000000100000000)
  region size 1024K, 2 young (2048K), 2 survivors (2048K)
 Metaspace       used 182381K, capacity 202460K, committed 202856K, reserved 1224704K
  class space    used 22087K, capacity 27628K, committed 27752K, reserved 1048576K
}
Event: 140725.727 GC heap before
{Heap before GC invocations=149 (full 0):
 garbage-first heap   total 264192K, used 178661K [0x0000000080000000, 0x0000000080100810, 0x0000000100000000)
  region size 1024K, 12 young (12288K), 2 survivors (2048K)
 Metaspace       used 182381K, capacity 202460K, committed 202856K, reserved 1224704K
  class space    used 22087K, capacity 27628K, committed 27752K, reserved 1048576K
Event: 140726.174 GC heap after
Heap after GC invocations=150 (full 0):
 garbage-first heap   total 264192K, used 158113K [0x0000000080000000, 0x0000000080100810, 0x0000000100000000)
  region size 1024K, 1 young (1024K), 1 survivors (1024K)
 Metaspace       used 182381K, capacity 202460K, committed 202856K, reserved 1224704K
  class space    used 22087K, capacity 27628K, committed 27752K, reserved 1048576K
}
Event: 150673.886 GC heap before
{Heap before GC invocations=150 (full 0):
 garbage-first heap   total 264192K, used 169377K [0x0000000080000000, 0x0000000080100810, 0x0000000100000000)
  region size 1024K, 12 young (12288K), 1 survivors (1024K)
 Metaspace       used 182384K, capacity 202460K, committed 202856K, reserved 1224704K
  class space    used 22087K, capacity 27628K, committed 27752K, reserved 1048576K
Event: 150674.941 GC heap after
Heap after GC invocations=151 (full 0):
 garbage-first heap   total 264192K, used 154281K [0x0000000080000000, 0x0000000080100810, 0x0000000100000000)
  region size 1024K, 1 young (1024K), 1 survivors (1024K)
 Metaspace       used 182384K, capacity 202460K, committed 202856K, reserved 1224704K
  class space    used 22087K, capacity 27628K, committed 27752K, reserved 1048576K
}
Event: 155604.682 GC heap before
{Heap before GC invocations=151 (full 0):
 garbage-first heap   total 264192K, used 165545K [0x0000000080000000, 0x0000000080100810, 0x0000000100000000)
  region size 1024K, 12 young (12288K), 1 survivors (1024K)
 Metaspace       used 182385K, capacity 202460K, committed 202856K, reserved 1224704K
  class space    used 22087K, capacity 27628K, committed 27752K, reserved 1048576K

Deoptimization events (10 events):
Event: 60179.895 Thread 0x0000000003091000 Uncommon trap: reason=array_check action=maybe_recompile pc=0x0000000007c0db40 method=java.util.TimSort.mergeHi(IIII)V @ 282
Event: 61091.855 Thread 0x0000000003091000 Uncommon trap: reason=unstable_if action=reinterpret pc=0x00000000087e022c method=org.eclipse.compare.rangedifferencer.RangeComparatorLCS.getDifferences(Lorg/eclipse/core/runtime/SubMonitor;Lorg/eclipse/compare/rangedifferencer/AbstractRangeDifferenceFact
Event: 61092.692 Thread 0x000000002aaa7000 Uncommon trap: reason=bimorphic action=maybe_recompile pc=0x0000000007ace04c method=org.eclipse.jface.text.reconciler.AbstractReconciler$BackgroundThread.run()V @ 201
Event: 65383.195 Thread 0x0000000003091000 Uncommon trap: reason=unstable_if action=reinterpret pc=0x0000000005eb3ae4 method=java.lang.ref.SoftReference.get()Ljava/lang/Object; @ 6
Event: 118709.461 Thread 0x000000003885a000 Uncommon trap: reason=unstable_if action=reinterpret pc=0x0000000004242794 method=org.eclipse.core.internal.jobs.JobManager.nextJob()Lorg/eclipse/core/runtime/jobs/Job; @ 80
Event: 118709.553 Thread 0x0000000038862800 Uncommon trap: reason=unstable_if action=reinterpret pc=0x000000000424174c method=org.eclipse.core.internal.jobs.JobManager.nextJob()Lorg/eclipse/core/runtime/jobs/Job; @ 80
Event: 118709.568 Thread 0x0000000038859800 Uncommon trap: reason=unstable_if action=reinterpret pc=0x000000000424174c method=org.eclipse.core.internal.jobs.JobManager.nextJob()Lorg/eclipse/core/runtime/jobs/Job; @ 80
Event: 118709.575 Thread 0x0000000038856800 Uncommon trap: reason=unstable_if action=reinterpret pc=0x000000000424174c method=org.eclipse.core.internal.jobs.JobManager.nextJob()Lorg/eclipse/core/runtime/jobs/Job; @ 80
Event: 153687.329 Thread 0x0000000003091000 Uncommon trap: reason=unstable_if action=reinterpret pc=0x0000000003b1eff4 method=java.lang.ref.SoftReference.get()Ljava/lang/Object; @ 6
Event: 153687.382 Thread 0x0000000003091000 Uncommon trap: reason=unstable_if action=reinterpret pc=0x0000000003b23e54 method=java.lang.ref.SoftReference.get()Ljava/lang/Object; @ 6

Classes redefined (0 events):
No events

Internal exceptions (10 events):
Event: 61092.962 Thread 0x000000002aaa6000 Exception <a 'sun/nio/fs/WindowsException'> (0x000000008fd1b950) thrown at [C:\re\workspace\8-2-build-windows-amd64-cygwin\jdk8u211\12973\hotspot\src\share\vm\prims\jni.cpp, line 710]
Event: 61093.115 Thread 0x000000002aa9f800 Exception <a 'sun/nio/fs/WindowsException'> (0x000000008fd51bc8) thrown at [C:\re\workspace\8-2-build-windows-amd64-cygwin\jdk8u211\12973\hotspot\src\share\vm\prims\jni.cpp, line 710]
Event: 61093.115 Thread 0x000000002aa9f800 Exception <a 'sun/nio/fs/WindowsException'> (0x000000008fd70e30) thrown at [C:\re\workspace\8-2-build-windows-amd64-cygwin\jdk8u211\12973\hotspot\src\share\vm\prims\jni.cpp, line 710]
Event: 61093.279 Thread 0x0000000003091000 Exception <a 'sun/nio/fs/WindowsException'> (0x000000008fe55da0) thrown at [C:\re\workspace\8-2-build-windows-amd64-cygwin\jdk8u211\12973\hotspot\src\share\vm\prims\jni.cpp, line 710]
Event: 61093.279 Thread 0x0000000003091000 Exception <a 'sun/nio/fs/WindowsException'> (0x000000008fe56548) thrown at [C:\re\workspace\8-2-build-windows-amd64-cygwin\jdk8u211\12973\hotspot\src\share\vm\prims\jni.cpp, line 710]
Event: 61093.497 Thread 0x000000002aa9f800 Exception <a 'sun/nio/fs/WindowsException'> (0x000000008fdf64c0) thrown at [C:\re\workspace\8-2-build-windows-amd64-cygwin\jdk8u211\12973\hotspot\src\share\vm\prims\jni.cpp, line 710]
Event: 61093.497 Thread 0x000000002aa9f800 Exception <a 'sun/nio/fs/WindowsException'> (0x000000008fdf6a80) thrown at [C:\re\workspace\8-2-build-windows-amd64-cygwin\jdk8u211\12973\hotspot\src\share\vm\prims\jni.cpp, line 710]
Event: 61093.626 Thread 0x000000002aaa6000 Exception <a 'sun/nio/fs/WindowsException'> (0x000000008fc5efa0) thrown at [C:\re\workspace\8-2-build-windows-amd64-cygwin\jdk8u211\12973\hotspot\src\share\vm\prims\jni.cpp, line 710]
Event: 61093.626 Thread 0x000000002aaa6000 Exception <a 'sun/nio/fs/WindowsException'> (0x000000008fc5f560) thrown at [C:\re\workspace\8-2-build-windows-amd64-cygwin\jdk8u211\12973\hotspot\src\share\vm\prims\jni.cpp, line 710]
Event: 153687.382 Thread 0x0000000003091000 Implicit null exception at 0x0000000003b2380b to 0x0000000003b23e41

Events (10 events):
Event: 155308.209 Executing VM operation: RevokeBias
Event: 155308.219 Executing VM operation: RevokeBias done
Event: 155318.271 Executing VM operation: RevokeBias
Event: 155318.272 Executing VM operation: RevokeBias done
Event: 155458.903 Thread 0x000000003885c800 Thread exited: 0x000000003885c800
Event: 155534.219 Thread 0x0000000038856800 Thread added: 0x0000000038856800
Event: 155539.270 Executing VM operation: RevokeBias
Event: 155539.270 Executing VM operation: RevokeBias done
Event: 155579.376 Thread 0x0000000038859800 Thread exited: 0x0000000038859800
Event: 155604.677 Executing VM operation: G1IncCollectionPause


Dynamic libraries:
0x00007ff75b0d0000 - 0x00007ff75b13a000 	C:\Users\heloi\eclipse\jee-2020-06\eclipse\eclipse.exe
0x00007ffa40e80000 - 0x00007ffa41070000 	C:\WINDOWS\SYSTEM32\ntdll.dll
0x00007ffa3f770000 - 0x00007ffa3f822000 	C:\WINDOWS\System32\KERNEL32.DLL
0x00007ffa3de00000 - 0x00007ffa3e0a4000 	C:\WINDOWS\System32\KERNELBASE.dll
0x00007ffa3f210000 - 0x00007ffa3f3a5000 	C:\WINDOWS\System32\USER32.dll
0x00007ffa3ebe0000 - 0x00007ffa3ec01000 	C:\WINDOWS\System32\win32u.dll
0x00007ffa40d20000 - 0x00007ffa40d46000 	C:\WINDOWS\System32\GDI32.dll
0x00007ffa3e0b0000 - 0x00007ffa3e246000 	C:\WINDOWS\System32\gdi32full.dll
0x00007ffa3e2b0000 - 0x00007ffa3e34e000 	C:\WINDOWS\System32\msvcp_win.dll
0x00007ffa3e350000 - 0x00007ffa3e44a000 	C:\WINDOWS\System32\ucrtbase.dll
0x00007ffa3d1d0000 - 0x00007ffa3d454000 	C:\WINDOWS\WinSxS\amd64_microsoft.windows.common-controls_6595b64144ccf1df_6.0.18362.1016_none_9e7a36bbe461dae4\COMCTL32.dll
0x00007ffa40460000 - 0x00007ffa404fe000 	C:\WINDOWS\System32\msvcrt.dll
0x00007ffa3f960000 - 0x00007ffa3fc95000 	C:\WINDOWS\System32\combase.dll
0x00007ffa3f830000 - 0x00007ffa3f950000 	C:\WINDOWS\System32\RPCRT4.dll
0x00007ffa3ed60000 - 0x00007ffa3ede0000 	C:\WINDOWS\System32\bcryptPrimitives.dll
0x00007ffa3fcc0000 - 0x00007ffa3fcee000 	C:\WINDOWS\System32\IMM32.DLL
0x00007ffa225f0000 - 0x00007ffa22619000 	C:\Users\heloi\.p2\pool\plugins\org.eclipse.equinox.launcher.win32.win32.x86_64_1.1.1200.v20200508-1552\eclipse_11000.dll
0x00007ffa3f100000 - 0x00007ffa3f1a3000 	C:\WINDOWS\System32\ADVAPI32.dll
0x00007ffa40210000 - 0x00007ffa402a7000 	C:\WINDOWS\System32\sechost.dll
0x00007ffa37a40000 - 0x00007ffa37a4a000 	C:\WINDOWS\SYSTEM32\VERSION.dll
0x00007ffa3bb00000 - 0x00007ffa3bb99000 	C:\WINDOWS\system32\uxtheme.dll
0x00007ffa40320000 - 0x00007ffa40455000 	C:\WINDOWS\System32\MSCTF.dll
0x00007ffa3f6a0000 - 0x00007ffa3f765000 	C:\WINDOWS\System32\OLEAUT32.dll
0x00007ffa3dd90000 - 0x00007ffa3dda1000 	C:\WINDOWS\System32\kernel.appcore.dll
0x00007ffa355e0000 - 0x00007ffa3567e000 	C:\WINDOWS\System32\TextInputFramework.dll
0x00007ffa380f0000 - 0x00007ffa3841a000 	C:\WINDOWS\System32\CoreUIComponents.dll
0x00007ffa3b2b0000 - 0x00007ffa3b384000 	C:\WINDOWS\System32\CoreMessaging.dll
0x00007ffa3fcf0000 - 0x00007ffa3fd99000 	C:\WINDOWS\System32\SHCORE.dll
0x00007ffa3d7b0000 - 0x00007ffa3d7e1000 	C:\WINDOWS\SYSTEM32\ntmarta.dll
0x00007ffa396d0000 - 0x00007ffa39823000 	C:\WINDOWS\SYSTEM32\wintypes.dll
0x00007ffa303e0000 - 0x00007ffa30686000 	C:\WINDOWS\System32\iertutil.dll
0x00000000726b0000 - 0x0000000072f55000 	C:\Program Files\Java\jre1.8.0_211\bin\server\jvm.dll
0x00007ffa3fcb0000 - 0x00007ffa3fcb8000 	C:\WINDOWS\System32\PSAPI.DLL
0x00007ffa1dfd0000 - 0x00007ffa1dfd9000 	C:\WINDOWS\SYSTEM32\WSOCK32.dll
0x00007ffa40d50000 - 0x00007ffa40dbf000 	C:\WINDOWS\System32\WS2_32.dll
0x00000000725d0000 - 0x00000000726a2000 	C:\WINDOWS\SYSTEM32\MSVCR100.dll
0x00007ffa3b860000 - 0x00007ffa3b884000 	C:\WINDOWS\SYSTEM32\WINMM.dll
0x00007ffa3b830000 - 0x00007ffa3b85d000 	C:\WINDOWS\SYSTEM32\WINMMBASE.dll
0x00007ffa3ee10000 - 0x00007ffa3ee5a000 	C:\WINDOWS\System32\cfgmgr32.dll
0x00007ffa22d40000 - 0x00007ffa22d4f000 	C:\Program Files\Java\jre1.8.0_211\bin\verify.dll
0x00007ff9f1980000 - 0x00007ff9f19a9000 	C:\Program Files\Java\jre1.8.0_211\bin\java.dll
0x00007ffa09a80000 - 0x00007ffa09a96000 	C:\Program Files\Java\jre1.8.0_211\bin\zip.dll
0x00007ffa40500000 - 0x00007ffa40be7000 	C:\WINDOWS\System32\SHELL32.dll
0x00007ffa3e450000 - 0x00007ffa3ebd2000 	C:\WINDOWS\System32\windows.storage.dll
0x00007ffa3dd40000 - 0x00007ffa3dd63000 	C:\WINDOWS\System32\profapi.dll
0x00007ffa3ddb0000 - 0x00007ffa3ddfa000 	C:\WINDOWS\System32\powrprof.dll
0x00007ffa3dd30000 - 0x00007ffa3dd40000 	C:\WINDOWS\System32\UMPDC.dll
0x00007ffa40bf0000 - 0x00007ffa40c42000 	C:\WINDOWS\System32\shlwapi.dll
0x00007ffa3ee60000 - 0x00007ffa3ee77000 	C:\WINDOWS\System32\cryptsp.dll
0x00007ff9f1960000 - 0x00007ff9f197a000 	C:\Program Files\Java\jre1.8.0_211\bin\net.dll
0x00007ffa2fc50000 - 0x00007ffa2fe26000 	C:\WINDOWS\SYSTEM32\urlmon.dll
0x00007ffa3d080000 - 0x00007ffa3d08c000 	C:\WINDOWS\SYSTEM32\CRYPTBASE.DLL
0x00007ffa3ceb0000 - 0x00007ffa3cf17000 	C:\WINDOWS\system32\mswsock.dll
0x00007ff9f1940000 - 0x00007ff9f1952000 	C:\Program Files\Java\jre1.8.0_211\bin\nio.dll
0x00007ffa3ca20000 - 0x00007ffa3ca53000 	C:\WINDOWS\system32\rsaenh.dll
0x00007ffa3ede0000 - 0x00007ffa3ee06000 	C:\WINDOWS\System32\bcrypt.dll
0x00007ffa3dc50000 - 0x00007ffa3dc75000 	C:\WINDOWS\SYSTEM32\USERENV.dll
0x00007ffa3cbc0000 - 0x00007ffa3cbfa000 	C:\WINDOWS\SYSTEM32\IPHLPAPI.DLL
0x00007ffa3f950000 - 0x00007ffa3f958000 	C:\WINDOWS\System32\NSI.dll
0x00007ffa378d0000 - 0x00007ffa378e6000 	C:\WINDOWS\SYSTEM32\dhcpcsvc6.DLL
0x00007ffa37b20000 - 0x00007ffa37b3c000 	C:\WINDOWS\SYSTEM32\dhcpcsvc.DLL
0x00007ffa3cc00000 - 0x00007ffa3cccb000 	C:\WINDOWS\SYSTEM32\DNSAPI.dll
0x00007ff9ed890000 - 0x00007ff9ed948000 	C:\Users\heloi\eclipse\jee-2020-06\eclipse\configuration\org.eclipse.osgi\743\0\.cp\swt-win32-4934r6.dll
0x00007ffa3f4e0000 - 0x00007ffa3f637000 	C:\WINDOWS\System32\ole32.dll
0x00007ffa40c50000 - 0x00007ffa40d20000 	C:\WINDOWS\System32\COMDLG32.dll
0x00007ffa3ec10000 - 0x00007ffa3ed59000 	C:\WINDOWS\System32\CRYPT32.dll
0x00007ffa3dd70000 - 0x00007ffa3dd82000 	C:\WINDOWS\System32\MSASN1.dll
0x00007ffa281b0000 - 0x00007ffa281c9000 	C:\WINDOWS\SYSTEM32\USP10.dll
0x00007ffa2b880000 - 0x00007ffa2b909000 	C:\WINDOWS\SYSTEM32\WINSPOOL.DRV
0x00007ffa2d830000 - 0x00007ffa2dd05000 	C:\WINDOWS\SYSTEM32\WININET.dll
0x00007ffa39ed0000 - 0x00007ffa39fc0000 	C:\WINDOWS\SYSTEM32\PROPSYS.dll
0x00007ffa224c0000 - 0x00007ffa224c7000 	C:\WINDOWS\SYSTEM32\MSIMG32.dll
0x00007ffa3f3b0000 - 0x00007ffa3f452000 	C:\WINDOWS\System32\clbcatq.dll
0x00007ffa3a2b0000 - 0x00007ffa3a33a000 	C:\Windows\System32\msvcp110_win.dll
0x00007ffa15da0000 - 0x00007ffa15dc6000 	C:\Users\heloi\eclipse\jee-2020-06\eclipse\configuration\org.eclipse.osgi\743\0\.cp\swt-gdip-win32-4934r6.dll
0x00007ffa2e060000 - 0x00007ffa2e203000 	C:\WINDOWS\WinSxS\amd64_microsoft.windows.gdiplus_6595b64144ccf1df_1.1.18362.1016_none_cf6529a13ef454b2\gdiplus.dll
0x00007ffa37b60000 - 0x00007ffa37d0f000 	C:\WINDOWS\SYSTEM32\WindowsCodecs.dll
0x00007ffa26460000 - 0x00007ffa264c5000 	C:\WINDOWS\SYSTEM32\oleacc.dll
0x00007ffa293c0000 - 0x00007ffa29401000 	C:\WINDOWS\system32\mlang.dll
0x00007ff9ef520000 - 0x00007ff9ef6d3000 	C:\WINDOWS\SYSTEM32\DUI70.dll
0x00007ff9ef480000 - 0x00007ff9ef513000 	C:\WINDOWS\SYSTEM32\DUser.dll
0x00007ffa3bf50000 - 0x00007ffa3bf7d000 	C:\WINDOWS\SYSTEM32\dwmapi.dll
0x00007ffa2cf30000 - 0x00007ffa2cf53000 	C:\WINDOWS\SYSTEM32\edputil.dll
0x00007ffa18a10000 - 0x00007ffa18c16000 	C:\WINDOWS\system32\explorerframe.dll
0x00007ffa224f0000 - 0x00007ffa2254e000 	C:\Windows\System32\thumbcache.dll
0x00007ffa388d0000 - 0x00007ffa38956000 	C:\WINDOWS\SYSTEM32\policymanager.dll
0x00007ffa22550000 - 0x00007ffa2258a000 	C:\WINDOWS\system32\dataexchange.dll
0x00007ffa3a9e0000 - 0x00007ffa3ac3b000 	C:\WINDOWS\system32\d3d11.dll
0x00007ffa3b0a0000 - 0x00007ffa3b27d000 	C:\WINDOWS\system32\dcomp.dll
0x00007ffa3c3b0000 - 0x00007ffa3c49b000 	C:\WINDOWS\system32\dxgi.dll
0x00007ffa3c390000 - 0x00007ffa3c3b0000 	C:\WINDOWS\SYSTEM32\dxcore.dll
0x00007ffa3bbc0000 - 0x00007ffa3be22000 	C:\WINDOWS\system32\twinapi.appcore.dll
0x00007ffa3bf20000 - 0x00007ffa3bf49000 	C:\WINDOWS\system32\RMCLIENT.dll
0x00007ffa133d0000 - 0x00007ffa13640000 	C:\Windows\System32\uiautomationcore.dll
0x00007ffa3db20000 - 0x00007ffa3dbbd000 	C:\WINDOWS\SYSTEM32\sxs.dll
0x00007ffa1b330000 - 0x00007ffa1b33d000 	C:\WINDOWS\SYSTEM32\atlthunk.dll
0x00007ffa22680000 - 0x00007ffa22728000 	C:\WINDOWS\System32\StructuredQuery.dll
0x00007ffa1cab0000 - 0x00007ffa1cad0000 	C:\WINDOWS\SYSTEM32\CLDAPI.dll
0x00007ffa2ce80000 - 0x00007ffa2ce8a000 	C:\WINDOWS\SYSTEM32\FLTLIB.DLL
0x00007ffa3dc20000 - 0x00007ffa3dc4f000 	C:\WINDOWS\SYSTEM32\SspiCli.dll
0x00007ffa2b410000 - 0x00007ffa2b41c000 	C:\WINDOWS\SYSTEM32\Secur32.dll
0x00007ffa1ba30000 - 0x00007ffa1baaf000 	C:\WINDOWS\SYSTEM32\ntshrui.dll
0x00007ffa28ef0000 - 0x00007ffa28f16000 	C:\WINDOWS\SYSTEM32\srvcli.dll
0x00007ffa23fd0000 - 0x00007ffa23fe2000 	C:\WINDOWS\SYSTEM32\cscapi.dll
0x00007ffa40dc0000 - 0x00007ffa40e36000 	C:\WINDOWS\System32\coml2.dll
0x00007ffa2efc0000 - 0x00007ffa2efcd000 	C:\WINDOWS\SYSTEM32\LINKINFO.dll
0x00007ffa2deb0000 - 0x00007ffa2decb000 	C:\WINDOWS\SYSTEM32\MPR.dll
0x00007ffa3b9a0000 - 0x00007ffa3b9ab000 	C:\WINDOWS\System32\drprov.dll
0x00007ffa3dbc0000 - 0x00007ffa3dc16000 	C:\WINDOWS\System32\WINSTA.dll
0x00007ffa3b980000 - 0x00007ffa3b995000 	C:\WINDOWS\System32\ntlanman.dll
0x00007ffa3b960000 - 0x00007ffa3b97d000 	C:\WINDOWS\System32\davclnt.dll
0x00007ffa3b950000 - 0x00007ffa3b95c000 	C:\WINDOWS\System32\DAVHLPR.dll
0x00007ffa3d110000 - 0x00007ffa3d127000 	C:\WINDOWS\System32\wkscli.dll
0x00007ffa3ccd0000 - 0x00007ffa3ccdc000 	C:\WINDOWS\System32\netutils.dll
0x00007ffa3b9b0000 - 0x00007ffa3ba3f000 	C:\WINDOWS\SYSTEM32\apphelp.dll
0x00007ffa13c60000 - 0x00007ffa13c76000 	C:\WINDOWS\system32\NetworkExplorer.dll
0x00007ffa18880000 - 0x00007ffa188d3000 	C:\Windows\System32\dlnashext.dll
0x00007ffa21c00000 - 0x00007ffa21c20000 	C:\Windows\System32\DevDispItemProvider.dll
0x00007ffa14810000 - 0x00007ffa15b53000 	C:\Program Files\Google\Drive File Stream\41.0.2.0\drivefsext.dll
0x00007ffa3a340000 - 0x00007ffa3a900000 	C:\WINDOWS\SYSTEM32\d2d1.dll
0x00007ffa3d7f0000 - 0x00007ffa3d9e4000 	C:\WINDOWS\SYSTEM32\dbghelp.dll
0x00007ffa13a40000 - 0x00007ffa13baa000 	C:\Users\heloi\AppData\Local\Microsoft\OneDrive\20.134.0705.0008\amd64\FileSyncShell64.dll
0x00007ffa3a290000 - 0x00007ffa3a2a3000 	C:\WINDOWS\SYSTEM32\WTSAPI32.dll
0x00007ffa13a00000 - 0x00007ffa13a37000 	C:\Windows\System32\EhStorShell.dll
0x00007ffa3fda0000 - 0x00007ffa40210000 	C:\WINDOWS\System32\SETUPAPI.dll
0x00007ffa13930000 - 0x00007ffa139fa000 	C:\WINDOWS\System32\cscui.dll
0x00007ffa3dad0000 - 0x00007ffa3dafa000 	C:\WINDOWS\System32\DEVOBJ.dll
0x00007ffa3e250000 - 0x00007ffa3e2ac000 	C:\WINDOWS\System32\WINTRUST.dll

VM Arguments:
jvm_args: -Dosgi.requiredJavaVersion=1.8 -Dosgi.instance.area.default=@user.home/eclipse-workspace -XX:+UseG1GC -XX:+UseStringDeduplication -Dosgi.requiredJavaVersion=1.8 -Dosgi.dataAreaRequiresExplicitInit=true -Xms256m -Xmx2048m -Declipse.p2.max.threads=10 -Doomph.update.url=http://download.eclipse.org/oomph/updates/milestone/latest -Doomph.redirection.index.redirection=index:/->http://git.eclipse.org/c/oomph/org.eclipse.oomph.git/plain/setups/ 
java_command: <unknown>
java_class_path (initial): C:\Users\heloi\eclipse\jee-2020-06\eclipse\\plugins/org.eclipse.equinox.launcher_1.5.700.v20200207-2156.jar
Launcher Type: generic

Environment Variables:
PATH=C:/Program Files/Java/jre1.8.0_211/bin/server;C:/Program Files/Java/jre1.8.0_211/bin;C:/Program Files/Java/jre1.8.0_211/lib/amd64;C:\Program Files (x86)\Common Files\Oracle\Java\javapath;C:\Users\heloi\Downloads\jdk-12.0.1_windows-x64_bin\jdk-12.0.1\bin;C:\WINDOWS\system32;C:\WINDOWS;C:\WINDOWS\System32\Wbem;C:\WINDOWS\System32\WindowsPowerShell\v1.0\;C:\WINDOWS\System32\OpenSSH\;C:\Program Files\dotnet\;C:\Program Files\Microsoft SQL Server\130\Tools\Binn\;C:\Program Files\Google\Google Apps Sync\;C:\Program Files\Google\Google Apps Migration\;C:\Program Files (x86)\Microsoft SQL Server\Client SDK\ODBC\130\Tools\Binn\;C:\Program Files (x86)\Microsoft SQL Server\140\Tools\Binn\;C:\Program Files (x86)\Microsoft SQL Server\140\DTS\Binn\;C:\Program Files (x86)\Microsoft SQL Server\140\Tools\Binn\ManagementStudio\;C:\Users\heloi\AppData\Local\Microsoft\WindowsApps;C:\Users\heloi\AppData\Local\Programs\Microsoft VS Code\bin;C:\Users\heloi\AppData\Local\GitHubDesktop\bin;%USERPROFILE%\AppData\Local\Microsoft\WindowsApps;;C:\Users\heloi\Desktop;
USERNAME=heloi
OS=Windows_NT
PROCESSOR_IDENTIFIER=Intel64 Family 6 Model 158 Stepping 10, GenuineIntel



---------------  S Y S T E M  ---------------

OS: Windows 10.0 , 64 bit Build 18362 (10.0.18362.959)

CPU:total 6 (initial active 6) (6 cores per cpu, 1 threads per core) family 6 model 158 stepping 10, cmov, cx8, fxsr, mmx, sse, sse2, sse3, ssse3, sse4.1, sse4.2, popcnt, avx, avx2, aes, clmul, erms, 3dnowpref, lzcnt, tsc, tscinvbit, bmi1, bmi2, adx

Memory: 4k page, physical 8213752k(835824k free), swap 26039544k(8963008k free)

vm_info: Java HotSpot(TM) 64-Bit Server VM (25.211-b12) for windows-amd64 JRE (1.8.0_211-b12), built on Apr  1 2019 20:53:26 by "java_re" with MS VC++ 10.0 (VS2010)

time: Wed Aug 19 18:02:41 2020
timezone: Hora oficial do Brasil
elapsed time: 155604 seconds (1d 19h 13m 24s)

